<?xml version="1.0" encoding="UTF-8"?>
<testng-results skipped="0" failed="0" ignored="0" total="1" passed="1">
  <reporter-output>
  </reporter-output>
  <suite name="Default Suite" duration-ms="23901" started-at="2024-01-11T17:40:14 IST" finished-at="2024-01-11T17:40:38 IST">
    <groups>
    </groups>
    <test name="MyseleniumFramwork" duration-ms="23901" started-at="2024-01-11T17:40:14 IST" finished-at="2024-01-11T17:40:38 IST">
      <class name="org.apache.maven.Infobays.pageobject.StandAloneTest">
        <test-method status="PASS" signature="test()[pri:0, instance:org.apache.maven.Infobays.pageobject.StandAloneTest@3327bd23]" name="test" duration-ms="23846" started-at="2024-01-11T17:40:14 IST" finished-at="2024-01-11T17:40:38 IST">
          <reporter-output>
          </reporter-output>
        </test-method> <!-- test -->
      </class> <!-- org.apache.maven.Infobays.pageobject.StandAloneTest -->
    </test> <!-- MyseleniumFramwork -->
  </suite> <!-- Default Suite -->
</testng-results>
